app/build/outputs/logs/manifest-merger-debug-report.txt
-- Merging decision tree log ---
manifest
ADDED from src/main/AndroidManifest.xml:2:1-37:12
	package
		ADDED from src/main/AndroidManifest.xml:3:5-48
		INJECTED from src/main/AndroidManifest.xml
		INJECTED from src/main/AndroidManifest.xml
	android:versionName
		INJECTED from src/main/AndroidManifest.xml
		INJECTED from src/main/AndroidManifest.xml
	xmlns:android
		ADDED from src/main/AndroidManifest.xml:2:11-69
	android:versionCode
		INJECTED from src/main/AndroidManifest.xml
		INJECTED from src/main/AndroidManifest.xml
application
ADDED from src/main/AndroidManifest.xml:5:5-35:19
MERGED from [com.android.support.constraint:constraint-layout:1.0.2] AndroidManifest.xml:9:5-20
MERGED from [com.android.support:design:25.1.0] AndroidManifest.xml:25:5-20
MERGED from [com.android.support:appcompat-v7:25.1.0] AndroidManifest.xml:25:5-20
MERGED from [com.android.support:animated-vector-drawable:25.1.0] AndroidManifest.xml:22:5-20
MERGED from [com.android.support:support-vector-drawable:25.1.0] AndroidManifest.xml:23:5-20
MERGED from [com.android.support:transition:25.1.0] AndroidManifest.xml:22:5-20
MERGED from [com.android.support:support-v4:25.1.0] AndroidManifest.xml:25:5-20
MERGED from [com.android.support:support-fragment:25.1.0] AndroidManifest.xml:25:5-20
MERGED from [com.android.support:support-media-compat:25.1.0] AndroidManifest.xml:25:5-20
MERGED from [com.android.support:support-core-ui:25.1.0] AndroidManifest.xml:25:5-20
MERGED from [com.android.support:support-core-utils:25.1.0] AndroidManifest.xml:25:5-20
MERGED from [com.android.support:support-compat:25.1.0] AndroidManifest.xml:25:5-20
	android:label
		ADDED from src/main/AndroidManifest.xml:8:9-41
	android:supportsRtl
		ADDED from src/main/AndroidManifest.xml:10:9-35
	android:roundIcon
		ADDED from src/main/AndroidManifest.xml:9:9-54
	android:allowBackup
		ADDED from src/main/AndroidManifest.xml:6:9-35
	android:icon
		ADDED from src/main/AndroidManifest.xml:7:9-43
	android:theme
		ADDED from src/main/AndroidManifest.xml:11:9-40
activity#com.example.stevenolivier.poketna.Mainvue
ADDED from src/main/AndroidManifest.xml:12:9-18:20
	android:name
		ADDED from src/main/AndroidManifest.xml:12:19-42
intent-filter#android.intent.action.MAIN+android.intent.category.LAUNCHER
ADDED from src/main/AndroidManifest.xml:13:13-17:29
action#android.intent.action.MAIN
ADDED from src/main/AndroidManifest.xml:14:17-69
	android:name
		ADDED from src/main/AndroidManifest.xml:14:25-66
category#android.intent.category.LAUNCHER
ADDED from src/main/AndroidManifest.xml:16:17-77
	android:name
		ADDED from src/main/AndroidManifest.xml:16:27-74
activity#com.example.stevenolivier.poketna.ScrollingActivity
ADDED from src/main/AndroidManifest.xml:19:9-22:59
	android:label
		ADDED from src/main/AndroidManifest.xml:21:13-61
	android:theme
		ADDED from src/main/AndroidManifest.xml:22:13-56
	android:name
		ADDED from src/main/AndroidManifest.xml:20:13-46
activity#com.example.stevenolivier.poketna.ScrollingActivity2
ADDED from src/main/AndroidManifest.xml:23:9-26:59
	android:label
		ADDED from src/main/AndroidManifest.xml:25:13-62
	android:theme
		ADDED from src/main/AndroidManifest.xml:26:13-56
	android:name
		ADDED from src/main/AndroidManifest.xml:24:13-47
activity#com.example.stevenolivier.poketna.ScrollingActivity3
ADDED from src/main/AndroidManifest.xml:27:9-30:59
	android:label
		ADDED from src/main/AndroidManifest.xml:29:13-62
	android:theme
		ADDED from src/main/AndroidManifest.xml:30:13-56
	android:name
		ADDED from src/main/AndroidManifest.xml:28:13-47
activity#com.example.stevenolivier.poketna.ScrollingActivity1
ADDED from src/main/AndroidManifest.xml:31:9-34:68
	android:label
		ADDED from src/main/AndroidManifest.xml:33:13-62
	android:theme
		ADDED from src/main/AndroidManifest.xml:34:13-56
	android:name
		ADDED from src/main/AndroidManifest.xml:32:13-47
uses-sdk
INJECTED from src/main/AndroidManifest.xml reason: use-sdk injection requested
MERGED from [com.android.support.constraint:constraint-layout:1.0.2] AndroidManifest.xml:5:5-7:41
MERGED from [com.android.support:design:25.1.0] AndroidManifest.xml:21:5-23:62
MERGED from [com.android.support:appcompat-v7:25.1.0] AndroidManifest.xml:21:5-23:78
MERGED from [com.android.support:animated-vector-drawable:25.1.0] AndroidManifest.xml:20:5-44
MERGED from [com.android.support:support-vector-drawable:25.1.0] AndroidManifest.xml:21:5-43
MERGED from [com.android.support:recyclerview-v7:25.1.0] AndroidManifest.xml:20:5-43
MERGED from [com.android.support:transition:25.1.0] AndroidManifest.xml:20:5-44
MERGED from [com.android.support:support-v4:25.1.0] AndroidManifest.xml:21:5-23:54
MERGED from [com.android.support:support-fragment:25.1.0] AndroidManifest.xml:21:5-23:60
MERGED from [com.android.support:support-media-compat:25.1.0] AndroidManifest.xml:21:5-23:63
MERGED from [com.android.support:support-core-ui:25.1.0] AndroidManifest.xml:21:5-23:58
MERGED from [com.android.support:support-core-utils:25.1.0] AndroidManifest.xml:21:5-23:61
MERGED from [com.android.support:support-compat:25.1.0] AndroidManifest.xml:21:5-23:58
	tools:overrideLibrary
		ADDED from [com.android.support:design:25.1.0] AndroidManifest.xml:23:9-59
	android:targetSdkVersion
		INJECTED from src/main/AndroidManifest.xml
		INJECTED from src/main/AndroidManifest.xml
	android:minSdkVersion
		INJECTED from src/main/AndroidManifest.xml
		INJECTED from src/main/AndroidManifest.xml